<?xml version="1.0" encoding="UTF-8"?>
<testng-results skipped="0" failed="0" ignored="0" total="1" passed="1">
  <reporter-output>
  </reporter-output>
  <suite name="Default suite" duration-ms="40" started-at="2017-10-12T15:11:37Z" finished-at="2017-10-12T15:11:37Z">
    <groups>
    </groups>
    <test name="Default test" duration-ms="40" started-at="2017-10-12T15:11:37Z" finished-at="2017-10-12T15:11:37Z">
      <class name="test.NewTest2">
        <test-method status="PASS" signature="f()[pri:0, instance:test.NewTest2@7f9a81e8]" name="f" duration-ms="12" started-at="2017-10-12T20:41:37Z" finished-at="2017-10-12T20:41:37Z">
          <reporter-output>
          </reporter-output>
        </test-method> <!-- f -->
      </class> <!-- test.NewTest2 -->
    </test> <!-- Default test -->
  </suite> <!-- Default suite -->
</testng-results>
